I, [2022-01-05T04:01:28.668161 #341]  INFO -- : [5c3551cf-6d44-43f1-9b50-9740ea060863] Started GET "/" for 127.0.0.1 at 2022-01-05 04:01:28 -0800
I, [2022-01-05T04:01:28.668864 #341]  INFO -- : [5c3551cf-6d44-43f1-9b50-9740ea060863] Processing by ApplicationController#redirect_to_welcome as HTML
I, [2022-01-05T04:01:28.670468 #341]  INFO -- : [5c3551cf-6d44-43f1-9b50-9740ea060863] Redirected to http://localhost:3000/welcome
I, [2022-01-05T04:01:28.670569 #341]  INFO -- : [5c3551cf-6d44-43f1-9b50-9740ea060863] Completed 302 Found in 2ms
I, [2022-01-05T04:01:28.677683 #341]  INFO -- : [4785a45d-506a-43dd-8cf5-ba1d01474509] Started GET "/welcome" for 127.0.0.1 at 2022-01-05 04:01:28 -0800
I, [2022-01-05T04:01:28.737035 #341]  INFO -- : [4785a45d-506a-43dd-8cf5-ba1d01474509] Processing by PagesController#index as HTML
I, [2022-01-05T04:01:28.737622 #341]  INFO -- : [4785a45d-506a-43dd-8cf5-ba1d01474509] Filter chain halted as #<Proc:0x00007fffd990a368@/home/dataman/.rvm/gems/ruby-2.6.9/gems/actionpack-5.2.6/lib/action_controller/metal/http_authentication.rb:72> rendered or redirected
I, [2022-01-05T04:01:28.737785 #341]  INFO -- : [4785a45d-506a-43dd-8cf5-ba1d01474509] Completed 401 Unauthorized in 1ms
I, [2022-01-05T04:01:29.302843 #341]  INFO -- : [7c2c8b7d-b78a-41df-aad1-9ea1a66c123b] Started GET "/welcome" for 127.0.0.1 at 2022-01-05 04:01:29 -0800
I, [2022-01-05T04:01:29.303279 #341]  INFO -- : [7c2c8b7d-b78a-41df-aad1-9ea1a66c123b] Processing by PagesController#index as HTML
I, [2022-01-05T04:01:29.303605 #341]  INFO -- : [7c2c8b7d-b78a-41df-aad1-9ea1a66c123b] Filter chain halted as #<Proc:0x00007fffd990a368@/home/dataman/.rvm/gems/ruby-2.6.9/gems/actionpack-5.2.6/lib/action_controller/metal/http_authentication.rb:72> rendered or redirected
I, [2022-01-05T04:01:29.303687 #341]  INFO -- : [7c2c8b7d-b78a-41df-aad1-9ea1a66c123b] Completed 401 Unauthorized in 0ms
I, [2022-01-05T04:01:31.189652 #341]  INFO -- : [2d3f4854-7291-4c2e-9bbf-2d0654970d2e] Started GET "/welcome" for 127.0.0.1 at 2022-01-05 04:01:31 -0800
I, [2022-01-05T04:01:31.190139 #341]  INFO -- : [2d3f4854-7291-4c2e-9bbf-2d0654970d2e] Processing by PagesController#index as HTML
I, [2022-01-05T04:01:31.217116 #341]  INFO -- : [2d3f4854-7291-4c2e-9bbf-2d0654970d2e]   Rendering pages/index.html.erb within layouts/application
I, [2022-01-05T04:01:31.228793 #341]  INFO -- : [2d3f4854-7291-4c2e-9bbf-2d0654970d2e]   Rendered application/_footer.html.erb (0.4ms)
I, [2022-01-05T04:01:31.252103 #341]  INFO -- : [2d3f4854-7291-4c2e-9bbf-2d0654970d2e]   Rendered application/_flash_messages.html.erb (0.2ms)
I, [2022-01-05T04:01:31.252701 #341]  INFO -- : [2d3f4854-7291-4c2e-9bbf-2d0654970d2e]   Rendered sessions/_login_form.html.erb (6.7ms)
I, [2022-01-05T04:01:31.252757 #341]  INFO -- : [2d3f4854-7291-4c2e-9bbf-2d0654970d2e]   Rendered sessions/_login_modal.html.erb (19.1ms)
I, [2022-01-05T04:01:31.268573 #341]  INFO -- : [2d3f4854-7291-4c2e-9bbf-2d0654970d2e]   Rendered users/_signup_form.html.erb (0.5ms)
I, [2022-01-05T04:01:31.268625 #341]  INFO -- : [2d3f4854-7291-4c2e-9bbf-2d0654970d2e]   Rendered users/_signup_modal.html.erb (11.3ms)
I, [2022-01-05T04:01:31.268710 #341]  INFO -- : [2d3f4854-7291-4c2e-9bbf-2d0654970d2e]   Rendered pages/index.html.erb within layouts/application (51.5ms)
I, [2022-01-05T04:01:31.281997 #341]  INFO -- : [2d3f4854-7291-4c2e-9bbf-2d0654970d2e]   Rendered application/_welcome_navbar.html.erb (0.5ms)
I, [2022-01-05T04:01:31.282210 #341]  INFO -- : [2d3f4854-7291-4c2e-9bbf-2d0654970d2e] Completed 200 OK in 92ms (Views: 89.9ms)
I, [2022-01-05T04:01:31.297180 #341]  INFO -- : [e86d72f1-c874-4b5d-82e0-ce2c35073f03] Started GET "/assets/application-1bfded2c3358a7b6a4176c00a3dcdd2fca4fba0b5ca60cde84feff140ff29186.js" for 127.0.0.1 at 2022-01-05 04:01:31 -0800
F, [2022-01-05T04:01:31.297550 #341] FATAL -- : [e86d72f1-c874-4b5d-82e0-ce2c35073f03]   
F, [2022-01-05T04:01:31.297588 #341] FATAL -- : [e86d72f1-c874-4b5d-82e0-ce2c35073f03] ActionController::RoutingError (No route matches [GET] "/assets/application-1bfded2c3358a7b6a4176c00a3dcdd2fca4fba0b5ca60cde84feff140ff29186.js"):
F, [2022-01-05T04:01:31.297634 #341] FATAL -- : [e86d72f1-c874-4b5d-82e0-ce2c35073f03]   
F, [2022-01-05T04:01:31.297664 #341] FATAL -- : [e86d72f1-c874-4b5d-82e0-ce2c35073f03] actionpack (5.2.6) lib/action_dispatch/middleware/debug_exceptions.rb:65:in `call'
[e86d72f1-c874-4b5d-82e0-ce2c35073f03] actionpack (5.2.6) lib/action_dispatch/middleware/show_exceptions.rb:33:in `call'
[e86d72f1-c874-4b5d-82e0-ce2c35073f03] railties (5.2.6) lib/rails/rack/logger.rb:38:in `call_app'
[e86d72f1-c874-4b5d-82e0-ce2c35073f03] railties (5.2.6) lib/rails/rack/logger.rb:26:in `block in call'
[e86d72f1-c874-4b5d-82e0-ce2c35073f03] activesupport (5.2.6) lib/active_support/tagged_logging.rb:71:in `block in tagged'
[e86d72f1-c874-4b5d-82e0-ce2c35073f03] activesupport (5.2.6) lib/active_support/tagged_logging.rb:28:in `tagged'
[e86d72f1-c874-4b5d-82e0-ce2c35073f03] activesupport (5.2.6) lib/active_support/tagged_logging.rb:71:in `tagged'
[e86d72f1-c874-4b5d-82e0-ce2c35073f03] railties (5.2.6) lib/rails/rack/logger.rb:26:in `call'
[e86d72f1-c874-4b5d-82e0-ce2c35073f03] actionpack (5.2.6) lib/action_dispatch/middleware/remote_ip.rb:81:in `call'
[e86d72f1-c874-4b5d-82e0-ce2c35073f03] actionpack (5.2.6) lib/action_dispatch/middleware/request_id.rb:27:in `call'
[e86d72f1-c874-4b5d-82e0-ce2c35073f03] rack (2.2.3) lib/rack/method_override.rb:24:in `call'
[e86d72f1-c874-4b5d-82e0-ce2c35073f03] rack (2.2.3) lib/rack/runtime.rb:22:in `call'
[e86d72f1-c874-4b5d-82e0-ce2c35073f03] activesupport (5.2.6) lib/active_support/cache/strategy/local_cache_middleware.rb:29:in `call'
[e86d72f1-c874-4b5d-82e0-ce2c35073f03] actionpack (5.2.6) lib/action_dispatch/middleware/executor.rb:14:in `call'
[e86d72f1-c874-4b5d-82e0-ce2c35073f03] rack (2.2.3) lib/rack/sendfile.rb:110:in `call'
[e86d72f1-c874-4b5d-82e0-ce2c35073f03] railties (5.2.6) lib/rails/engine.rb:524:in `call'
[e86d72f1-c874-4b5d-82e0-ce2c35073f03] puma (3.12.6) lib/puma/configuration.rb:227:in `call'
[e86d72f1-c874-4b5d-82e0-ce2c35073f03] puma (3.12.6) lib/puma/server.rb:706:in `handle_request'
[e86d72f1-c874-4b5d-82e0-ce2c35073f03] puma (3.12.6) lib/puma/server.rb:476:in `process_client'
[e86d72f1-c874-4b5d-82e0-ce2c35073f03] puma (3.12.6) lib/puma/server.rb:334:in `block in run'
[e86d72f1-c874-4b5d-82e0-ce2c35073f03] puma (3.12.6) lib/puma/thread_pool.rb:135:in `block in spawn_thread'
